<?xml version="1.0" encoding="UTF-8"?>
<testsuite xmlns:xsi="http://www.w3.org/2001/XMLSchema-instance" xsi:noNamespaceSchemaLocation="https://maven.apache.org/surefire/maven-surefire-plugin/xsd/surefire-test-report.xsd" name="cams.camp.CampControllerTest" time="0.544" tests="7" errors="0" skipped="0" failures="0">
  <properties>
[...]
</properties>
  <testcase name="deleteEmptyCampSuccessful" classname="cams.camp.CampControllerTest" time="0.005"/>
  <testcase name="getCampIgnoresCase" classname="cams.camp.CampControllerTest" time="0.001"/>
  <testcase name="createCampAddsToCampTable" classname="cams.camp.CampControllerTest" time="0"/>
  <testcase name="attendeeListHasAllAttendees" classname="cams.camp.CampControllerTest" time="0.005"/>
  <testcase name="deleteNonexistentCampThrows" classname="cams.camp.CampControllerTest" time="0"/>
  <testcase name="deleteNonemptyCampThrows" classname="cams.camp.CampControllerTest" time="0.001"/>
  <testcase name="performanceReportHasCommitteeAndPoints" classname="cams.camp.CampControllerTest" time="0.004"/>
</testsuite>